<?xml version="1.0" encoding="UTF-8"?>
<testsuite xmlns:xsi="http://www.w3.org/2001/XMLSchema-instance" xsi:noNamespaceSchemaLocation="https://maven.apache.org/surefire/maven-surefire-plugin/xsd/surefire-test-report-3.0.xsd" version="3.0" name="US1001 Kullanici Amazon Sayfasinda Arama Yapar" time="32.998" tests="3" errors="0" skipped="0" failures="0">
  <properties>
    <property name="java.specification.version" value="19"/>
    <property name="webdriver.chrome.driver" value="C:\Users\Lenovo\.cache\selenium\chromedriver\win64\118.0.5993.70\chromedriver.exe"/>
    <property name="sun.cpu.isalist" value="amd64"/>
    <property name="sun.jnu.encoding" value="Cp1254"/>
    <property name="java.class.path" value="C:\Users\Lenovo\IdeaProjects\Cucumber_Practice\target\test-classes;C:\Users\Lenovo\IdeaProjects\Cucumber_Practice\target\classes;C:\Users\Lenovo\.m2\repository\io\github\bonigarcia\webdrivermanager\5.5.3\webdrivermanager-5.5.3.jar;C:\Users\Lenovo\.m2\repository\org\slf4j\slf4j-api\2.0.7\slf4j-api-2.0.7.jar;C:\Users\Lenovo\.m2\repository\com\google\code\gson\gson\2.10.1\gson-2.10.1.jar;C:\Users\Lenovo\.m2\repository\com\github\docker-java\docker-java\3.3.3\docker-java-3.3.3.jar;C:\Users\Lenovo\.m2\repository\com\github\docker-java\docker-java-core\3.3.3\docker-java-core-3.3.3.jar;C:\Users\Lenovo\.m2\repository\com\github\docker-java\docker-java-api\3.3.3\docker-java-api-3.3.3.jar;C:\Users\Lenovo\.m2\repository\com\fasterxml\jackson\core\jackson-annotations\2.10.3\jackson-annotations-2.10.3.jar;C:\Users\Lenovo\.m2\repository\commons-io\commons-io\2.6\commons-io-2.6.jar;C:\Users\Lenovo\.m2\repository\org\apache\commons\commons-compress\1.21\commons-compress-1.21.jar;C:\Users\Lenovo\.m2\repository\com\fasterxml\jackson\core\jackson-databind\2.10.3\jackson-databind-2.10.3.jar;C:\Users\Lenovo\.m2\repository\com\fasterxml\jackson\core\jackson-core\2.10.3\jackson-core-2.10.3.jar;C:\Users\Lenovo\.m2\repository\org\bouncycastle\bcpkix-jdk18on\1.75\bcpkix-jdk18on-1.75.jar;C:\Users\Lenovo\.m2\repository\org\bouncycastle\bcprov-jdk18on\1.75\bcprov-jdk18on-1.75.jar;C:\Users\Lenovo\.m2\repository\org\bouncycastle\bcutil-jdk18on\1.75\bcutil-jdk18on-1.75.jar;C:\Users\Lenovo\.m2\repository\org\slf4j\jcl-over-slf4j\1.7.30\jcl-over-slf4j-1.7.30.jar;C:\Users\Lenovo\.m2\repository\com\github\docker-java\docker-java-transport-httpclient5\3.3.3\docker-java-transport-httpclient5-3.3.3.jar;C:\Users\Lenovo\.m2\repository\com\github\docker-java\docker-java-transport\3.3.3\docker-java-transport-3.3.3.jar;C:\Users\Lenovo\.m2\repository\net\java\dev\jna\jna\5.12.1\jna-5.12.1.jar;C:\Users\Lenovo\.m2\repository\org\brotli\dec\0.1.2\dec-0.1.2.jar;C:\Users\Lenovo\.m2\repository\org\apache\commons\commons-lang3\3.13.0\commons-lang3-3.13.0.jar;C:\Users\Lenovo\.m2\repository\org\apache\httpcomponents\client5\httpclient5\5.2.1\httpclient5-5.2.1.jar;C:\Users\Lenovo\.m2\repository\org\apache\httpcomponents\core5\httpcore5\5.2\httpcore5-5.2.jar;C:\Users\Lenovo\.m2\repository\org\apache\httpcomponents\core5\httpcore5-h2\5.2\httpcore5-h2-5.2.jar;C:\Users\Lenovo\.m2\repository\org\seleniumhq\selenium\selenium-java\4.12.1\selenium-java-4.12.1.jar;C:\Users\Lenovo\.m2\repository\org\seleniumhq\selenium\selenium-api\4.12.1\selenium-api-4.12.1.jar;C:\Users\Lenovo\.m2\repository\org\seleniumhq\selenium\selenium-chrome-driver\4.12.1\selenium-chrome-driver-4.12.1.jar;C:\Users\Lenovo\.m2\repository\com\google\auto\service\auto-service-annotations\1.1.1\auto-service-annotations-1.1.1.jar;C:\Users\Lenovo\.m2\repository\com\google\guava\guava\32.1.2-jre\guava-32.1.2-jre.jar;C:\Users\Lenovo\.m2\repository\com\google\guava\failureaccess\1.0.1\failureaccess-1.0.1.jar;C:\Users\Lenovo\.m2\repository\com\google\guava\listenablefuture\9999.0-empty-to-avoid-conflict-with-guava\listenablefuture-9999.0-empty-to-avoid-conflict-with-guava.jar;C:\Users\Lenovo\.m2\repository\com\google\code\findbugs\jsr305\3.0.2\jsr305-3.0.2.jar;C:\Users\Lenovo\.m2\repository\com\google\errorprone\error_prone_annotations\2.18.0\error_prone_annotations-2.18.0.jar;C:\Users\Lenovo\.m2\repository\com\google\j2objc\j2objc-annotations\2.8\j2objc-annotations-2.8.jar;C:\Users\Lenovo\.m2\repository\org\seleniumhq\selenium\selenium-chromium-driver\4.12.1\selenium-chromium-driver-4.12.1.jar;C:\Users\Lenovo\.m2\repository\org\seleniumhq\selenium\selenium-json\4.12.1\selenium-json-4.12.1.jar;C:\Users\Lenovo\.m2\repository\org\seleniumhq\selenium\selenium-manager\4.12.1\selenium-manager-4.12.1.jar;C:\Users\Lenovo\.m2\repository\org\seleniumhq\selenium\selenium-devtools-v114\4.12.1\selenium-devtools-v114-4.12.1.jar;C:\Users\Lenovo\.m2\repository\org\seleniumhq\selenium\selenium-devtools-v115\4.12.1\selenium-devtools-v115-4.12.1.jar;C:\Users\Lenovo\.m2\repository\org\seleniumhq\selenium\selenium-devtools-v116\4.12.1\selenium-devtools-v116-4.12.1.jar;C:\Users\Lenovo\.m2\repository\org\seleniumhq\selenium\selenium-devtools-v85\4.12.1\selenium-devtools-v85-4.12.1.jar;C:\Users\Lenovo\.m2\repository\org\seleniumhq\selenium\selenium-edge-driver\4.12.1\selenium-edge-driver-4.12.1.jar;C:\Users\Lenovo\.m2\repository\org\seleniumhq\selenium\selenium-firefox-driver\4.12.1\selenium-firefox-driver-4.12.1.jar;C:\Users\Lenovo\.m2\repository\org\seleniumhq\selenium\selenium-http\4.12.1\selenium-http-4.12.1.jar;C:\Users\Lenovo\.m2\repository\dev\failsafe\failsafe\3.3.2\failsafe-3.3.2.jar;C:\Users\Lenovo\.m2\repository\org\seleniumhq\selenium\selenium-ie-driver\4.12.1\selenium-ie-driver-4.12.1.jar;C:\Users\Lenovo\.m2\repository\org\seleniumhq\selenium\selenium-remote-driver\4.12.1\selenium-remote-driver-4.12.1.jar;C:\Users\Lenovo\.m2\repository\io\netty\netty-buffer\4.1.96.Final\netty-buffer-4.1.96.Final.jar;C:\Users\Lenovo\.m2\repository\io\netty\netty-codec-http\4.1.96.Final\netty-codec-http-4.1.96.Final.jar;C:\Users\Lenovo\.m2\repository\io\netty\netty-codec\4.1.96.Final\netty-codec-4.1.96.Final.jar;C:\Users\Lenovo\.m2\repository\io\netty\netty-handler\4.1.96.Final\netty-handler-4.1.96.Final.jar;C:\Users\Lenovo\.m2\repository\io\netty\netty-common\4.1.96.Final\netty-common-4.1.96.Final.jar;C:\Users\Lenovo\.m2\repository\io\netty\netty-transport-classes-epoll\4.1.96.Final\netty-transport-classes-epoll-4.1.96.Final.jar;C:\Users\Lenovo\.m2\repository\io\netty\netty-transport-classes-kqueue\4.1.96.Final\netty-transport-classes-kqueue-4.1.96.Final.jar;C:\Users\Lenovo\.m2\repository\io\netty\netty-transport-native-epoll\4.1.96.Final\netty-transport-native-epoll-4.1.96.Final.jar;C:\Users\Lenovo\.m2\repository\io\netty\netty-transport-native-kqueue\4.1.96.Final\netty-transport-native-kqueue-4.1.96.Final.jar;C:\Users\Lenovo\.m2\repository\io\netty\netty-transport-native-unix-common\4.1.96.Final\netty-transport-native-unix-common-4.1.96.Final.jar;C:\Users\Lenovo\.m2\repository\io\netty\netty-transport\4.1.96.Final\netty-transport-4.1.96.Final.jar;C:\Users\Lenovo\.m2\repository\io\netty\netty-resolver\4.1.96.Final\netty-resolver-4.1.96.Final.jar;C:\Users\Lenovo\.m2\repository\io\opentelemetry\opentelemetry-api\1.28.0\opentelemetry-api-1.28.0.jar;C:\Users\Lenovo\.m2\repository\io\opentelemetry\opentelemetry-context\1.28.0\opentelemetry-context-1.28.0.jar;C:\Users\Lenovo\.m2\repository\io\opentelemetry\opentelemetry-exporter-logging\1.28.0\opentelemetry-exporter-logging-1.28.0.jar;C:\Users\Lenovo\.m2\repository\io\opentelemetry\opentelemetry-sdk-metrics\1.28.0\opentelemetry-sdk-metrics-1.28.0.jar;C:\Users\Lenovo\.m2\repository\io\opentelemetry\opentelemetry-extension-incubator\1.28.0-alpha\opentelemetry-extension-incubator-1.28.0-alpha.jar;C:\Users\Lenovo\.m2\repository\io\opentelemetry\opentelemetry-sdk-logs\1.28.0\opentelemetry-sdk-logs-1.28.0.jar;C:\Users\Lenovo\.m2\repository\io\opentelemetry\opentelemetry-sdk-common\1.28.0\opentelemetry-sdk-common-1.28.0.jar;C:\Users\Lenovo\.m2\repository\io\opentelemetry\opentelemetry-sdk-extension-autoconfigure-spi\1.28.0\opentelemetry-sdk-extension-autoconfigure-spi-1.28.0.jar;C:\Users\Lenovo\.m2\repository\io\opentelemetry\opentelemetry-sdk-extension-autoconfigure\1.28.0\opentelemetry-sdk-extension-autoconfigure-1.28.0.jar;C:\Users\Lenovo\.m2\repository\io\opentelemetry\opentelemetry-api-events\1.28.0-alpha\opentelemetry-api-events-1.28.0-alpha.jar;C:\Users\Lenovo\.m2\repository\io\opentelemetry\opentelemetry-sdk-trace\1.28.0\opentelemetry-sdk-trace-1.28.0.jar;C:\Users\Lenovo\.m2\repository\io\opentelemetry\opentelemetry-sdk\1.28.0\opentelemetry-sdk-1.28.0.jar;C:\Users\Lenovo\.m2\repository\io\opentelemetry\opentelemetry-semconv\1.28.0-alpha\opentelemetry-semconv-1.28.0-alpha.jar;C:\Users\Lenovo\.m2\repository\net\bytebuddy\byte-buddy\1.14.5\byte-buddy-1.14.5.jar;C:\Users\Lenovo\.m2\repository\org\asynchttpclient\async-http-client\2.12.3\async-http-client-2.12.3.jar;C:\Users\Lenovo\.m2\repository\org\asynchttpclient\async-http-client-netty-utils\2.12.3\async-http-client-netty-utils-2.12.3.jar;C:\Users\Lenovo\.m2\repository\io\netty\netty-codec-socks\4.1.60.Final\netty-codec-socks-4.1.60.Final.jar;C:\Users\Lenovo\.m2\repository\io\netty\netty-handler-proxy\4.1.60.Final\netty-handler-proxy-4.1.60.Final.jar;C:\Users\Lenovo\.m2\repository\io\netty\netty-transport-native-epoll\4.1.60.Final\netty-transport-native-epoll-4.1.60.Final-linux-x86_64.jar;C:\Users\Lenovo\.m2\repository\io\netty\netty-transport-native-kqueue\4.1.60.Final\netty-transport-native-kqueue-4.1.60.Final-osx-x86_64.jar;C:\Users\Lenovo\.m2\repository\org\reactivestreams\reactive-streams\1.0.3\reactive-streams-1.0.3.jar;C:\Users\Lenovo\.m2\repository\com\typesafe\netty\netty-reactive-streams\2.0.4\netty-reactive-streams-2.0.4.jar;C:\Users\Lenovo\.m2\repository\com\sun\activation\jakarta.activation\1.2.2\jakarta.activation-1.2.2.jar;C:\Users\Lenovo\.m2\repository\org\seleniumhq\selenium\selenium-os\4.12.1\selenium-os-4.12.1.jar;C:\Users\Lenovo\.m2\repository\org\apache\commons\commons-exec\1.3\commons-exec-1.3.jar;C:\Users\Lenovo\.m2\repository\org\seleniumhq\selenium\selenium-safari-driver\4.12.1\selenium-safari-driver-4.12.1.jar;C:\Users\Lenovo\.m2\repository\org\seleniumhq\selenium\selenium-support\4.12.1\selenium-support-4.12.1.jar;C:\Users\Lenovo\.m2\repository\io\cucumber\cucumber-java\7.11.2\cucumber-java-7.11.2.jar;C:\Users\Lenovo\.m2\repository\io\cucumber\cucumber-core\7.11.2\cucumber-core-7.11.2.jar;C:\Users\Lenovo\.m2\repository\io\cucumber\cucumber-gherkin\7.11.2\cucumber-gherkin-7.11.2.jar;C:\Users\Lenovo\.m2\repository\io\cucumber\cucumber-gherkin-messages\7.11.2\cucumber-gherkin-messages-7.11.2.jar;C:\Users\Lenovo\.m2\repository\io\cucumber\gherkin\26.0.3\gherkin-26.0.3.jar;C:\Users\Lenovo\.m2\repository\io\cucumber\messages\21.0.1\messages-21.0.1.jar;C:\Users\Lenovo\.m2\repository\io\cucumber\tag-expressions\5.0.1\tag-expressions-5.0.1.jar;C:\Users\Lenovo\.m2\repository\io\cucumber\cucumber-expressions\16.1.2\cucumber-expressions-16.1.2.jar;C:\Users\Lenovo\.m2\repository\io\cucumber\datatable\7.11.2\datatable-7.11.2.jar;C:\Users\Lenovo\.m2\repository\io\cucumber\docstring\7.11.2\docstring-7.11.2.jar;C:\Users\Lenovo\.m2\repository\io\cucumber\html-formatter\20.2.1\html-formatter-20.2.1.jar;C:\Users\Lenovo\.m2\repository\io\cucumber\junit-xml-formatter\0.1.0\junit-xml-formatter-0.1.0.jar;C:\Users\Lenovo\.m2\repository\io\cucumber\ci-environment\9.1.0\ci-environment-9.1.0.jar;C:\Users\Lenovo\.m2\repository\org\apiguardian\apiguardian-api\1.1.2\apiguardian-api-1.1.2.jar;C:\Users\Lenovo\.m2\repository\io\cucumber\cucumber-junit\7.11.2\cucumber-junit-7.11.2.jar;C:\Users\Lenovo\.m2\repository\junit\junit\4.13.2\junit-4.13.2.jar;C:\Users\Lenovo\.m2\repository\org\hamcrest\hamcrest-core\1.3\hamcrest-core-1.3.jar;C:\Users\Lenovo\.m2\repository\io\cucumber\cucumber-plugin\7.11.0\cucumber-plugin-7.11.0.jar;C:\Users\Lenovo\.m2\repository\org\postgresql\postgresql\42.5.0\postgresql-42.5.0.jar;C:\Users\Lenovo\.m2\repository\org\checkerframework\checker-qual\3.5.0\checker-qual-3.5.0.jar;C:\Users\Lenovo\.m2\repository\io\rest-assured\rest-assured\5.3.0\rest-assured-5.3.0.jar;C:\Users\Lenovo\.m2\repository\org\apache\groovy\groovy\4.0.6\groovy-4.0.6.jar;C:\Users\Lenovo\.m2\repository\org\apache\groovy\groovy-xml\4.0.6\groovy-xml-4.0.6.jar;C:\Users\Lenovo\.m2\repository\org\apache\httpcomponents\httpclient\4.5.13\httpclient-4.5.13.jar;C:\Users\Lenovo\.m2\repository\org\apache\httpcomponents\httpcore\4.4.13\httpcore-4.4.13.jar;C:\Users\Lenovo\.m2\repository\commons-logging\commons-logging\1.2\commons-logging-1.2.jar;C:\Users\Lenovo\.m2\repository\commons-codec\commons-codec\1.11\commons-codec-1.11.jar;C:\Users\Lenovo\.m2\repository\org\apache\httpcomponents\httpmime\4.5.13\httpmime-4.5.13.jar;C:\Users\Lenovo\.m2\repository\org\hamcrest\hamcrest\2.1\hamcrest-2.1.jar;C:\Users\Lenovo\.m2\repository\org\ccil\cowan\tagsoup\tagsoup\1.2.1\tagsoup-1.2.1.jar;C:\Users\Lenovo\.m2\repository\io\rest-assured\json-path\5.3.0\json-path-5.3.0.jar;C:\Users\Lenovo\.m2\repository\org\apache\groovy\groovy-json\4.0.6\groovy-json-4.0.6.jar;C:\Users\Lenovo\.m2\repository\io\rest-assured\rest-assured-common\5.3.0\rest-assured-common-5.3.0.jar;C:\Users\Lenovo\.m2\repository\io\rest-assured\xml-path\5.3.0\xml-path-5.3.0.jar;"/>
    <property name="java.vm.vendor" value="Oracle Corporation"/>
    <property name="sun.arch.data.model" value="64"/>
    <property name="user.variant" value=""/>
    <property name="java.vendor.url" value="https://java.oracle.com/"/>
    <property name="user.timezone" value="Europe/Istanbul"/>
    <property name="os.name" value="Windows 11"/>
    <property name="java.vm.specification.version" value="19"/>
    <property name="sun.java.launcher" value="SUN_STANDARD"/>
    <property name="user.country" value="TR"/>
    <property name="sun.boot.library.path" value="C:\Users\Lenovo\.jdks\openjdk-19.0.2\bin"/>
    <property name="sun.java.command" value="C:\Users\Lenovo\AppData\Local\Temp\surefire5357169905390825271\surefirebooter-20231012211930721_5.jar C:\Users\Lenovo\AppData\Local\Temp\surefire5357169905390825271 2023-10-12T21-19-30_113-jvmRun2 surefire-20231012211930721_1tmp surefire_0-20231012211930721_3tmp"/>
    <property name="jdk.debug" value="release"/>
    <property name="surefire.test.class.path" value="C:\Users\Lenovo\IdeaProjects\Cucumber_Practice\target\test-classes;C:\Users\Lenovo\IdeaProjects\Cucumber_Practice\target\classes;C:\Users\Lenovo\.m2\repository\io\github\bonigarcia\webdrivermanager\5.5.3\webdrivermanager-5.5.3.jar;C:\Users\Lenovo\.m2\repository\org\slf4j\slf4j-api\2.0.7\slf4j-api-2.0.7.jar;C:\Users\Lenovo\.m2\repository\com\google\code\gson\gson\2.10.1\gson-2.10.1.jar;C:\Users\Lenovo\.m2\repository\com\github\docker-java\docker-java\3.3.3\docker-java-3.3.3.jar;C:\Users\Lenovo\.m2\repository\com\github\docker-java\docker-java-core\3.3.3\docker-java-core-3.3.3.jar;C:\Users\Lenovo\.m2\repository\com\github\docker-java\docker-java-api\3.3.3\docker-java-api-3.3.3.jar;C:\Users\Lenovo\.m2\repository\com\fasterxml\jackson\core\jackson-annotations\2.10.3\jackson-annotations-2.10.3.jar;C:\Users\Lenovo\.m2\repository\commons-io\commons-io\2.6\commons-io-2.6.jar;C:\Users\Lenovo\.m2\repository\org\apache\commons\commons-compress\1.21\commons-compress-1.21.jar;C:\Users\Lenovo\.m2\repository\com\fasterxml\jackson\core\jackson-databind\2.10.3\jackson-databind-2.10.3.jar;C:\Users\Lenovo\.m2\repository\com\fasterxml\jackson\core\jackson-core\2.10.3\jackson-core-2.10.3.jar;C:\Users\Lenovo\.m2\repository\org\bouncycastle\bcpkix-jdk18on\1.75\bcpkix-jdk18on-1.75.jar;C:\Users\Lenovo\.m2\repository\org\bouncycastle\bcprov-jdk18on\1.75\bcprov-jdk18on-1.75.jar;C:\Users\Lenovo\.m2\repository\org\bouncycastle\bcutil-jdk18on\1.75\bcutil-jdk18on-1.75.jar;C:\Users\Lenovo\.m2\repository\org\slf4j\jcl-over-slf4j\1.7.30\jcl-over-slf4j-1.7.30.jar;C:\Users\Lenovo\.m2\repository\com\github\docker-java\docker-java-transport-httpclient5\3.3.3\docker-java-transport-httpclient5-3.3.3.jar;C:\Users\Lenovo\.m2\repository\com\github\docker-java\docker-java-transport\3.3.3\docker-java-transport-3.3.3.jar;C:\Users\Lenovo\.m2\repository\net\java\dev\jna\jna\5.12.1\jna-5.12.1.jar;C:\Users\Lenovo\.m2\repository\org\brotli\dec\0.1.2\dec-0.1.2.jar;C:\Users\Lenovo\.m2\repository\org\apache\commons\commons-lang3\3.13.0\commons-lang3-3.13.0.jar;C:\Users\Lenovo\.m2\repository\org\apache\httpcomponents\client5\httpclient5\5.2.1\httpclient5-5.2.1.jar;C:\Users\Lenovo\.m2\repository\org\apache\httpcomponents\core5\httpcore5\5.2\httpcore5-5.2.jar;C:\Users\Lenovo\.m2\repository\org\apache\httpcomponents\core5\httpcore5-h2\5.2\httpcore5-h2-5.2.jar;C:\Users\Lenovo\.m2\repository\org\seleniumhq\selenium\selenium-java\4.12.1\selenium-java-4.12.1.jar;C:\Users\Lenovo\.m2\repository\org\seleniumhq\selenium\selenium-api\4.12.1\selenium-api-4.12.1.jar;C:\Users\Lenovo\.m2\repository\org\seleniumhq\selenium\selenium-chrome-driver\4.12.1\selenium-chrome-driver-4.12.1.jar;C:\Users\Lenovo\.m2\repository\com\google\auto\service\auto-service-annotations\1.1.1\auto-service-annotations-1.1.1.jar;C:\Users\Lenovo\.m2\repository\com\google\guava\guava\32.1.2-jre\guava-32.1.2-jre.jar;C:\Users\Lenovo\.m2\repository\com\google\guava\failureaccess\1.0.1\failureaccess-1.0.1.jar;C:\Users\Lenovo\.m2\repository\com\google\guava\listenablefuture\9999.0-empty-to-avoid-conflict-with-guava\listenablefuture-9999.0-empty-to-avoid-conflict-with-guava.jar;C:\Users\Lenovo\.m2\repository\com\google\code\findbugs\jsr305\3.0.2\jsr305-3.0.2.jar;C:\Users\Lenovo\.m2\repository\com\google\errorprone\error_prone_annotations\2.18.0\error_prone_annotations-2.18.0.jar;C:\Users\Lenovo\.m2\repository\com\google\j2objc\j2objc-annotations\2.8\j2objc-annotations-2.8.jar;C:\Users\Lenovo\.m2\repository\org\seleniumhq\selenium\selenium-chromium-driver\4.12.1\selenium-chromium-driver-4.12.1.jar;C:\Users\Lenovo\.m2\repository\org\seleniumhq\selenium\selenium-json\4.12.1\selenium-json-4.12.1.jar;C:\Users\Lenovo\.m2\repository\org\seleniumhq\selenium\selenium-manager\4.12.1\selenium-manager-4.12.1.jar;C:\Users\Lenovo\.m2\repository\org\seleniumhq\selenium\selenium-devtools-v114\4.12.1\selenium-devtools-v114-4.12.1.jar;C:\Users\Lenovo\.m2\repository\org\seleniumhq\selenium\selenium-devtools-v115\4.12.1\selenium-devtools-v115-4.12.1.jar;C:\Users\Lenovo\.m2\repository\org\seleniumhq\selenium\selenium-devtools-v116\4.12.1\selenium-devtools-v116-4.12.1.jar;C:\Users\Lenovo\.m2\repository\org\seleniumhq\selenium\selenium-devtools-v85\4.12.1\selenium-devtools-v85-4.12.1.jar;C:\Users\Lenovo\.m2\repository\org\seleniumhq\selenium\selenium-edge-driver\4.12.1\selenium-edge-driver-4.12.1.jar;C:\Users\Lenovo\.m2\repository\org\seleniumhq\selenium\selenium-firefox-driver\4.12.1\selenium-firefox-driver-4.12.1.jar;C:\Users\Lenovo\.m2\repository\org\seleniumhq\selenium\selenium-http\4.12.1\selenium-http-4.12.1.jar;C:\Users\Lenovo\.m2\repository\dev\failsafe\failsafe\3.3.2\failsafe-3.3.2.jar;C:\Users\Lenovo\.m2\repository\org\seleniumhq\selenium\selenium-ie-driver\4.12.1\selenium-ie-driver-4.12.1.jar;C:\Users\Lenovo\.m2\repository\org\seleniumhq\selenium\selenium-remote-driver\4.12.1\selenium-remote-driver-4.12.1.jar;C:\Users\Lenovo\.m2\repository\io\netty\netty-buffer\4.1.96.Final\netty-buffer-4.1.96.Final.jar;C:\Users\Lenovo\.m2\repository\io\netty\netty-codec-http\4.1.96.Final\netty-codec-http-4.1.96.Final.jar;C:\Users\Lenovo\.m2\repository\io\netty\netty-codec\4.1.96.Final\netty-codec-4.1.96.Final.jar;C:\Users\Lenovo\.m2\repository\io\netty\netty-handler\4.1.96.Final\netty-handler-4.1.96.Final.jar;C:\Users\Lenovo\.m2\repository\io\netty\netty-common\4.1.96.Final\netty-common-4.1.96.Final.jar;C:\Users\Lenovo\.m2\repository\io\netty\netty-transport-classes-epoll\4.1.96.Final\netty-transport-classes-epoll-4.1.96.Final.jar;C:\Users\Lenovo\.m2\repository\io\netty\netty-transport-classes-kqueue\4.1.96.Final\netty-transport-classes-kqueue-4.1.96.Final.jar;C:\Users\Lenovo\.m2\repository\io\netty\netty-transport-native-epoll\4.1.96.Final\netty-transport-native-epoll-4.1.96.Final.jar;C:\Users\Lenovo\.m2\repository\io\netty\netty-transport-native-kqueue\4.1.96.Final\netty-transport-native-kqueue-4.1.96.Final.jar;C:\Users\Lenovo\.m2\repository\io\netty\netty-transport-native-unix-common\4.1.96.Final\netty-transport-native-unix-common-4.1.96.Final.jar;C:\Users\Lenovo\.m2\repository\io\netty\netty-transport\4.1.96.Final\netty-transport-4.1.96.Final.jar;C:\Users\Lenovo\.m2\repository\io\netty\netty-resolver\4.1.96.Final\netty-resolver-4.1.96.Final.jar;C:\Users\Lenovo\.m2\repository\io\opentelemetry\opentelemetry-api\1.28.0\opentelemetry-api-1.28.0.jar;C:\Users\Lenovo\.m2\repository\io\opentelemetry\opentelemetry-context\1.28.0\opentelemetry-context-1.28.0.jar;C:\Users\Lenovo\.m2\repository\io\opentelemetry\opentelemetry-exporter-logging\1.28.0\opentelemetry-exporter-logging-1.28.0.jar;C:\Users\Lenovo\.m2\repository\io\opentelemetry\opentelemetry-sdk-metrics\1.28.0\opentelemetry-sdk-metrics-1.28.0.jar;C:\Users\Lenovo\.m2\repository\io\opentelemetry\opentelemetry-extension-incubator\1.28.0-alpha\opentelemetry-extension-incubator-1.28.0-alpha.jar;C:\Users\Lenovo\.m2\repository\io\opentelemetry\opentelemetry-sdk-logs\1.28.0\opentelemetry-sdk-logs-1.28.0.jar;C:\Users\Lenovo\.m2\repository\io\opentelemetry\opentelemetry-sdk-common\1.28.0\opentelemetry-sdk-common-1.28.0.jar;C:\Users\Lenovo\.m2\repository\io\opentelemetry\opentelemetry-sdk-extension-autoconfigure-spi\1.28.0\opentelemetry-sdk-extension-autoconfigure-spi-1.28.0.jar;C:\Users\Lenovo\.m2\repository\io\opentelemetry\opentelemetry-sdk-extension-autoconfigure\1.28.0\opentelemetry-sdk-extension-autoconfigure-1.28.0.jar;C:\Users\Lenovo\.m2\repository\io\opentelemetry\opentelemetry-api-events\1.28.0-alpha\opentelemetry-api-events-1.28.0-alpha.jar;C:\Users\Lenovo\.m2\repository\io\opentelemetry\opentelemetry-sdk-trace\1.28.0\opentelemetry-sdk-trace-1.28.0.jar;C:\Users\Lenovo\.m2\repository\io\opentelemetry\opentelemetry-sdk\1.28.0\opentelemetry-sdk-1.28.0.jar;C:\Users\Lenovo\.m2\repository\io\opentelemetry\opentelemetry-semconv\1.28.0-alpha\opentelemetry-semconv-1.28.0-alpha.jar;C:\Users\Lenovo\.m2\repository\net\bytebuddy\byte-buddy\1.14.5\byte-buddy-1.14.5.jar;C:\Users\Lenovo\.m2\repository\org\asynchttpclient\async-http-client\2.12.3\async-http-client-2.12.3.jar;C:\Users\Lenovo\.m2\repository\org\asynchttpclient\async-http-client-netty-utils\2.12.3\async-http-client-netty-utils-2.12.3.jar;C:\Users\Lenovo\.m2\repository\io\netty\netty-codec-socks\4.1.60.Final\netty-codec-socks-4.1.60.Final.jar;C:\Users\Lenovo\.m2\repository\io\netty\netty-handler-proxy\4.1.60.Final\netty-handler-proxy-4.1.60.Final.jar;C:\Users\Lenovo\.m2\repository\io\netty\netty-transport-native-epoll\4.1.60.Final\netty-transport-native-epoll-4.1.60.Final-linux-x86_64.jar;C:\Users\Lenovo\.m2\repository\io\netty\netty-transport-native-kqueue\4.1.60.Final\netty-transport-native-kqueue-4.1.60.Final-osx-x86_64.jar;C:\Users\Lenovo\.m2\repository\org\reactivestreams\reactive-streams\1.0.3\reactive-streams-1.0.3.jar;C:\Users\Lenovo\.m2\repository\com\typesafe\netty\netty-reactive-streams\2.0.4\netty-reactive-streams-2.0.4.jar;C:\Users\Lenovo\.m2\repository\com\sun\activation\jakarta.activation\1.2.2\jakarta.activation-1.2.2.jar;C:\Users\Lenovo\.m2\repository\org\seleniumhq\selenium\selenium-os\4.12.1\selenium-os-4.12.1.jar;C:\Users\Lenovo\.m2\repository\org\apache\commons\commons-exec\1.3\commons-exec-1.3.jar;C:\Users\Lenovo\.m2\repository\org\seleniumhq\selenium\selenium-safari-driver\4.12.1\selenium-safari-driver-4.12.1.jar;C:\Users\Lenovo\.m2\repository\org\seleniumhq\selenium\selenium-support\4.12.1\selenium-support-4.12.1.jar;C:\Users\Lenovo\.m2\repository\io\cucumber\cucumber-java\7.11.2\cucumber-java-7.11.2.jar;C:\Users\Lenovo\.m2\repository\io\cucumber\cucumber-core\7.11.2\cucumber-core-7.11.2.jar;C:\Users\Lenovo\.m2\repository\io\cucumber\cucumber-gherkin\7.11.2\cucumber-gherkin-7.11.2.jar;C:\Users\Lenovo\.m2\repository\io\cucumber\cucumber-gherkin-messages\7.11.2\cucumber-gherkin-messages-7.11.2.jar;C:\Users\Lenovo\.m2\repository\io\cucumber\gherkin\26.0.3\gherkin-26.0.3.jar;C:\Users\Lenovo\.m2\repository\io\cucumber\messages\21.0.1\messages-21.0.1.jar;C:\Users\Lenovo\.m2\repository\io\cucumber\tag-expressions\5.0.1\tag-expressions-5.0.1.jar;C:\Users\Lenovo\.m2\repository\io\cucumber\cucumber-expressions\16.1.2\cucumber-expressions-16.1.2.jar;C:\Users\Lenovo\.m2\repository\io\cucumber\datatable\7.11.2\datatable-7.11.2.jar;C:\Users\Lenovo\.m2\repository\io\cucumber\docstring\7.11.2\docstring-7.11.2.jar;C:\Users\Lenovo\.m2\repository\io\cucumber\html-formatter\20.2.1\html-formatter-20.2.1.jar;C:\Users\Lenovo\.m2\repository\io\cucumber\junit-xml-formatter\0.1.0\junit-xml-formatter-0.1.0.jar;C:\Users\Lenovo\.m2\repository\io\cucumber\ci-environment\9.1.0\ci-environment-9.1.0.jar;C:\Users\Lenovo\.m2\repository\org\apiguardian\apiguardian-api\1.1.2\apiguardian-api-1.1.2.jar;C:\Users\Lenovo\.m2\repository\io\cucumber\cucumber-junit\7.11.2\cucumber-junit-7.11.2.jar;C:\Users\Lenovo\.m2\repository\junit\junit\4.13.2\junit-4.13.2.jar;C:\Users\Lenovo\.m2\repository\org\hamcrest\hamcrest-core\1.3\hamcrest-core-1.3.jar;C:\Users\Lenovo\.m2\repository\io\cucumber\cucumber-plugin\7.11.0\cucumber-plugin-7.11.0.jar;C:\Users\Lenovo\.m2\repository\org\postgresql\postgresql\42.5.0\postgresql-42.5.0.jar;C:\Users\Lenovo\.m2\repository\org\checkerframework\checker-qual\3.5.0\checker-qual-3.5.0.jar;C:\Users\Lenovo\.m2\repository\io\rest-assured\rest-assured\5.3.0\rest-assured-5.3.0.jar;C:\Users\Lenovo\.m2\repository\org\apache\groovy\groovy\4.0.6\groovy-4.0.6.jar;C:\Users\Lenovo\.m2\repository\org\apache\groovy\groovy-xml\4.0.6\groovy-xml-4.0.6.jar;C:\Users\Lenovo\.m2\repository\org\apache\httpcomponents\httpclient\4.5.13\httpclient-4.5.13.jar;C:\Users\Lenovo\.m2\repository\org\apache\httpcomponents\httpcore\4.4.13\httpcore-4.4.13.jar;C:\Users\Lenovo\.m2\repository\commons-logging\commons-logging\1.2\commons-logging-1.2.jar;C:\Users\Lenovo\.m2\repository\commons-codec\commons-codec\1.11\commons-codec-1.11.jar;C:\Users\Lenovo\.m2\repository\org\apache\httpcomponents\httpmime\4.5.13\httpmime-4.5.13.jar;C:\Users\Lenovo\.m2\repository\org\hamcrest\hamcrest\2.1\hamcrest-2.1.jar;C:\Users\Lenovo\.m2\repository\org\ccil\cowan\tagsoup\tagsoup\1.2.1\tagsoup-1.2.1.jar;C:\Users\Lenovo\.m2\repository\io\rest-assured\json-path\5.3.0\json-path-5.3.0.jar;C:\Users\Lenovo\.m2\repository\org\apache\groovy\groovy-json\4.0.6\groovy-json-4.0.6.jar;C:\Users\Lenovo\.m2\repository\io\rest-assured\rest-assured-common\5.3.0\rest-assured-common-5.3.0.jar;C:\Users\Lenovo\.m2\repository\io\rest-assured\xml-path\5.3.0\xml-path-5.3.0.jar;"/>
    <property name="sun.cpu.endian" value="little"/>
    <property name="user.home" value="C:\Users\Lenovo"/>
    <property name="user.language" value="tr"/>
    <property name="java.specification.vendor" value="Oracle Corporation"/>
    <property name="java.version.date" value="2023-01-17"/>
    <property name="java.home" value="C:\Users\Lenovo\.jdks\openjdk-19.0.2"/>
    <property name="file.separator" value="\"/>
    <property name="basedir" value="C:\Users\Lenovo\IdeaProjects\Cucumber_Practice"/>
    <property name="java.vm.compressedOopsMode" value="Zero based"/>
    <property name="line.separator" value="&#10;"/>
    <property name="java.vm.specification.vendor" value="Oracle Corporation"/>
    <property name="java.specification.name" value="Java Platform API Specification"/>
    <property name="surefire.real.class.path" value="C:\Users\Lenovo\AppData\Local\Temp\surefire5357169905390825271\surefirebooter-20231012211930721_5.jar"/>
    <property name="user.script" value=""/>
    <property name="sun.management.compiler" value="HotSpot 64-Bit Tiered Compilers"/>
    <property name="java.runtime.version" value="19.0.2+7-44"/>
    <property name="user.name" value="Lenovo"/>
    <property name="stdout.encoding" value="Cp1254"/>
    <property name="path.separator" value=";"/>
    <property name="os.version" value="10.0"/>
    <property name="java.runtime.name" value="OpenJDK Runtime Environment"/>
    <property name="file.encoding" value="UTF-8"/>
    <property name="java.vm.name" value="OpenJDK 64-Bit Server VM"/>
    <property name="localRepository" value="C:\Users\Lenovo\.m2\repository"/>
    <property name="java.vendor.url.bug" value="https://bugreport.java.com/bugreport/"/>
    <property name="java.io.tmpdir" value="C:\Users\Lenovo\AppData\Local\Temp\"/>
    <property name="idea.version" value="2022.2.4"/>
    <property name="java.version" value="19.0.2"/>
    <property name="user.dir" value="C:\Users\Lenovo\IdeaProjects\Cucumber_Practice"/>
    <property name="os.arch" value="amd64"/>
    <property name="java.vm.specification.name" value="Java Virtual Machine Specification"/>
    <property name="sun.os.patch.level" value=""/>
    <property name="native.encoding" value="Cp1254"/>
    <property name="java.library.path" value="C:\Users\Lenovo\.jdks\openjdk-19.0.2\bin;C:\WINDOWS\Sun\Java\bin;C:\WINDOWS\system32;C:\WINDOWS;C:\Program Files\Java\jdk-17.0.8\\bin;C:\Users\Lenovo\AppData\Local\Android\Sdk\platform-tools;C:\Users\Lenovo\AppData\Local\Android\Sdk\cmdline-tools;C:\Program Files\Common Files\Oracle\Java\javapath;C:\Program Files (x86)\Common Files\Oracle\Java\javapath;C:\Users\Lenovo\AppData\Local\Programs\Python\Python311\Scripts\;C:\Users\Lenovo\AppData\Local\Programs\Python\Python311\;C:\WINDOWS\system32;C:\WINDOWS;C:\WINDOWS\System32\Wbem;C:\WINDOWS\System32\WindowsPowerShell\v1.0\;C:\WINDOWS\System32\OpenSSH\;C:\Program Files\Git\cmd;C:\Program Files\nodejs\;C:\ProgramData\chocolatey\bin;C:\Users\Lenovo\AppData\Local\Microsoft\WindowsApps;C:\Users\Lenovo\AppData\Local\Programs\Microsoft VS Code\bin;C:\Users\Lenovo\AppData\Roaming\npm;C:\Program Files\Java\jdk-17.0.8\bin;C:\Program Files\apache-maven-3.9.5\bin;;."/>
    <property name="java.vm.info" value="mixed mode, sharing"/>
    <property name="stderr.encoding" value="Cp1254"/>
    <property name="java.vendor" value="Oracle Corporation"/>
    <property name="java.vm.version" value="19.0.2+7-44"/>
    <property name="sun.io.unicode.encoding" value="UnicodeLittle"/>
    <property name="java.class.version" value="63.0"/>
  </properties>
  <testcase name="TC01 kullanici amazonda Nutella aratir" classname="US1001 Kullanici Amazon Sayfasinda Arama Yapar" time="10.809">
    <system-err><![CDATA[SLF4J: No SLF4J providers were found.
SLF4J: Defaulting to no-operation (NOP) logger implementation
SLF4J: See https://www.slf4j.org/codes.html#noProviders for further details.
Eki 12, 2023 9:19:34 ÖS org.openqa.selenium.devtools.CdpVersionFinder findNearestMatch
WARNING: Unable to find an exact match for CDP version 118, so returning the closest version found: 116
]]></system-err>
  </testcase>
  <testcase name="TC02 kullanici amazonda Java aratir" classname="US1001 Kullanici Amazon Sayfasinda Arama Yapar" time="12.619">
    <system-err><![CDATA[Eki 12, 2023 9:19:43 ÖS org.openqa.selenium.devtools.CdpVersionFinder findNearestMatch
WARNING: Unable to find an exact match for CDP version 118, so returning the closest version found: 116
Eki 12, 2023 9:19:55 ÖS org.openqa.selenium.remote.http.WebSocket$Listener onError
WARNING: Connection reset
java.net.SocketException: Connection reset
	at java.base/sun.nio.ch.SocketChannelImpl.throwConnectionReset(SocketChannelImpl.java:401)
	at java.base/sun.nio.ch.SocketChannelImpl.read(SocketChannelImpl.java:434)
	at io.netty.buffer.PooledByteBuf.setBytes(PooledByteBuf.java:254)
	at io.netty.buffer.AbstractByteBuf.writeBytes(AbstractByteBuf.java:1132)
	at io.netty.channel.socket.nio.NioSocketChannel.doReadBytes(NioSocketChannel.java:357)
	at io.netty.channel.nio.AbstractNioByteChannel$NioByteUnsafe.read(AbstractNioByteChannel.java:151)
	at io.netty.channel.nio.NioEventLoop.processSelectedKey(NioEventLoop.java:788)
	at io.netty.channel.nio.NioEventLoop.processSelectedKeysOptimized(NioEventLoop.java:724)
	at io.netty.channel.nio.NioEventLoop.processSelectedKeys(NioEventLoop.java:650)
	at io.netty.channel.nio.NioEventLoop.run(NioEventLoop.java:562)
	at io.netty.util.concurrent.SingleThreadEventExecutor$4.run(SingleThreadEventExecutor.java:997)
	at io.netty.util.internal.ThreadExecutorMap$2.run(ThreadExecutorMap.java:74)
	at io.netty.util.concurrent.FastThreadLocalRunnable.run(FastThreadLocalRunnable.java:30)
	at java.base/java.lang.Thread.run(Thread.java:1589)

]]></system-err>
  </testcase>
  <testcase name="TC03 lullanici iphone aratir" classname="US1001 Kullanici Amazon Sayfasinda Arama Yapar" time="9.57">
    <system-err><![CDATA[Eki 12, 2023 9:19:56 ÖS org.openqa.selenium.devtools.CdpVersionFinder findNearestMatch
WARNING: Unable to find an exact match for CDP version 118, so returning the closest version found: 116
Eki 12, 2023 9:20:05 ÖS org.openqa.selenium.remote.http.WebSocket$Listener onError
WARNING: Connection reset
java.net.SocketException: Connection reset
	at java.base/sun.nio.ch.SocketChannelImpl.throwConnectionReset(SocketChannelImpl.java:401)
	at java.base/sun.nio.ch.SocketChannelImpl.read(SocketChannelImpl.java:434)
	at io.netty.buffer.PooledByteBuf.setBytes(PooledByteBuf.java:254)
	at io.netty.buffer.AbstractByteBuf.writeBytes(AbstractByteBuf.java:1132)
	at io.netty.buffer.WrappedByteBuf.writeBytes(WrappedByteBuf.java:821)
	at io.netty.channel.socket.nio.NioSocketChannel.doReadBytes(NioSocketChannel.java:357)
	at io.netty.channel.nio.AbstractNioByteChannel$NioByteUnsafe.read(AbstractNioByteChannel.java:151)
	at io.netty.channel.nio.NioEventLoop.processSelectedKey(NioEventLoop.java:788)
	at io.netty.channel.nio.NioEventLoop.processSelectedKeysOptimized(NioEventLoop.java:724)
	at io.netty.channel.nio.NioEventLoop.processSelectedKeys(NioEventLoop.java:650)
	at io.netty.channel.nio.NioEventLoop.run(NioEventLoop.java:562)
	at io.netty.util.concurrent.SingleThreadEventExecutor$4.run(SingleThreadEventExecutor.java:997)
	at io.netty.util.internal.ThreadExecutorMap$2.run(ThreadExecutorMap.java:74)
	at io.netty.util.concurrent.FastThreadLocalRunnable.run(FastThreadLocalRunnable.java:30)
	at java.base/java.lang.Thread.run(Thread.java:1589)

]]></system-err>
  </testcase>
</testsuite>